
ROM used:   904/32768 (3%)
            904/32768 (3%) including unused fragments

            0.5 Average locations per line
            6.7 Average locations per statement

RAM used:   203/1536 (13%) at main() level
            215/1536 (14%) worst case

Stack used: 3 worst case (2 in main + 1 for interrupts)
Stack size: 30

Lines Stmts  %   Files
----- ----- ---  -----
  528   134 100  Base_18F45K22_CCS.c
 1024     0   0  C:\Program Files (x86)\PICC\devices\18F45K22.h
  412     0   0  18FK_register.h
----- -----
 1964   134 Total

Page ROM  %  RAM    Vol Diff  Functions:
---- --- --- ---    --- ----  ----------
0     38   2    1             @delay_ms1
0      8   0    0             @PUTCHARI_BIU_1
0    408  23    1    541  3.8  main
0     24   1    0    115  1.7  Init_uC
0     38   2    3     70  2.7  RX_isr
0     46   3    6    176  3.3  Move_speed
0     74   4    5    464  3.1  Read_data
0     94   5    6    629  4.7  Envoyer_instruction
 Inline         0             @cinit1

Program metrics:
    Functions               6
    Statements              134
    Comments                519
    Volume (V)              2857
    Difficulty (D)          19.4
    Effort to implement (E) 55301
    Time to implement (T)   51 minutes
    Est Delivered Bugs (B)  0
    Cyclomatic Complexity   2
    Maintainability (MI)    137

 Segment     Used  Free
-----------  ----  ----
00000-00002     4  0  
00004-00006     0  4  
00008-000B0   170  0  
000B2-07FFE   730  31860  



