
ROM used:   46762/98304 (48%)
            46762/98304 (48%) including unused fragments

            4.3 Average locations per line
            11.8 Average locations per statement

RAM used:   6904/8102 (85%) at main() level
            7528/8102 (93%) worst case

Stack size: 2048

Lines Stmts  %   Files
----- ----- ---  -----
  699   298   8  main.c
  956     0   0  C:\Program Files (x86)\PICC\devices\30F6014A.h
  362     0   0  DSPIC30F_registers.h
  304   102   3  driver_moteur.c
   43    22   1  Com_balises.c
  122    26   1  Init.h
   96     0   0  data\___data.h
 2229   921  23  C:\Program Files (x86)\PICC\drivers\math.h
 1351   524  13  C:\Program Files (x86)\PICC\drivers\stdlib.h
   32     0   0  C:\Program Files (x86)\PICC\drivers\stddef.h
  423   125   3  C:\Program Files (x86)\PICC\drivers\string.h
   28     0   0  C:\Program Files (x86)\PICC\drivers\ctype.h
   57     0   0  servomoteur\servomoteur.h
  130    35   1  servomoteur\servomoteur.c
   23     0   0  LCD\___LCD.h
  127    39   1  LCD\___LCD.c
   64     0   0  Deplacement\___Depl.h
  795   337   9  Deplacement\___Depl.c
   58     0   0  Functions.h
 1495   714  18  Functions.c
   34     0   0  PC\___PC.h
  349   148   4  PC\___PC.c
  131     0   0  zonesinterdites\__ZonesInterdites.h
  965   672  17  zonesinterdites\__ZonesInterdites.c
----- -----
10873  3963 Total

Page ROM  %  RAM   Vol Diff  Functions:
---- --- --- ---   --- ----  ----------
0     68   0    8             @DIV3232B
0     20   0    2             @delay_ms1
0     24   0    1             @I2C_WRITEU_1
0     42   0    1             @I2C_READU_1
0    192   0   22  1050  6.2  go_driver_moteur
0    148   0   13   767  4.6  config_driver_moteur_pid
0    172   0   17  1001  4.6  config_driver_moteur
0     90   0    5   207  5.2  driver_moteur
0     86   0    6   238  4.5  read_driver_moteur
0    172   0   13   709  5.9  read_pos_moteur
0     74   0    3   183  2.0  Balise_config_plage
0     58   0    1   106  1.3  Balise_set_plage
0     64   0    0   199  3.0  Check_balise
0    168   0    0   874  3.4  __Init_dsPIC
0    364   0   21  1124  9.9  CEIL_FLOOR
0    104   0    8             @FLT
0     44   0    4             @SFTOI
0     58   0    2             @ITOF
0    196   0    8             @MULFF
0    426   0    8             @ADDFF
0    132   0    0             @FLT64
0     86   0    0             @F64TOI64
0    100   0    0             @I64TOF64
0    272   0    0             @MULFF64
0     86   0    0             @F64TOSI64
0    100   0    0             @SI64TOF64
0    494   1    8             @ADDFF64
0     18   0    4    44  1.9  floor
0     20   0    4    44  1.9  ceil
0    144   0   17   257  7.2  fmod
0    202   0    8             @DIVFF
0    264   0    8             @DIVFF64
0    402   0   24  1440  7.8  exp
0     74   0    2             @SITOF
0    434   0   28  1944 10.3  log
0    342   0   17   558  7.3  pow
0    266   0   21  2097 11.0  sqrt
0    286   0   33  1377  9.9  sqrt
0    698   1  123  1209  9.7  cos
0     60   0   17    39  1.8  sin
0   1038   1   51  1415  7.8  ASIN_COS
0     40   0   16    76  2.7  asin
0     42   0   16    76  2.7  acos
0     70   0    0             @F48TO64
0    126   0    8             @DIVS3232A
0     66   0    8             @MULS3232
0    502   1   19  1817 10.4  atol
0     54   0    9   227  4.8  MoveServo
0     30   0    4   110  4.0  SetServo
0    160   0    7   444  5.7  CheckServo
0     38   0    0    29  0.8  timer2_isr
0    148   0    0             @DIV6464B
0     92   0    8   193  4.8  arrondi_float_signed
0     64   0    4             @FTOSD
0      8   0    1    52  1.9  __Affichage_Erreur
0     94   0    5   440  4.6  __Check_commande_atteint
0     18   0    0             @const2124
0    176   0    9   515  7.8  __Get_amp
0     18   0    0             @const2127
0     18   0    0             @const2128
0    612   1    8  1930  8.8  __Get_enco_value
0   1044   1   21  1658  9.0  __actual_pos
0    170   0    9   319  4.5  __Init_pos
0     24   0    0             @READ_EEPROM16
0     88   0    1   308  4.6  __DeplToDo
0     60   0    0    92  1.9  __Stop
0     34   0    0             @const2140
0     34   0    0             @const2141
0    836   1   39  1343  8.5  __Turn
0     68   0    0             @F64TO48
0     34   0    0             @const2149
0    178   0    0             @PRINTFU16_115200_5893_5892
0     32   0    0             @const2153
0    276   0    0             @PRINTFD32_115200_5893_5892
0   1974   2   71  3830 13.4  __PaP
0     32   0    0             @const2167
0     30   0    0             @const2169
0     36   0    0             @const2171
0    908   1   45  2216 10.4  __Progress
0    302   0    0             @PRINTFD64_115200_5893_5892
0     20   0    0             @const2183
0     20   0    0             @const2184
0      8   0    0    65  1.9  __Nothing
0    408   0    7  1342  8.0  __LoadObj
0     66   0    4   166  3.4  RDA2_isr
0     84   0    2   618  6.6  __Afficheur_7segments
0     40   0    5   133  3.5  __resetEEPROM
0     44   0    0             @NVR_WR_W
0     58   0    0             @WRITE_EEPROM16
0     36   0    0    57  1.4  __reset_roboteq
0     30   0    0             @const2257
0    508   1    5  1772  9.0  __GetRoboteqPID
0     20   0    0             @const2260
0     20   0    0             @const2261
0     20   0    0             @const2262
0     20   0    0             @const2263
0     20   0    0             @const2264
0     20   0    0             @const2265
0     22   0    0             @const2266
0     22   0    0             @const2267
0     22   0    0             @const2268
0     22   0    0             @const2269
0    508   1   13   606  1.9  __SetRoboteqPID
0     66   0    0             @const2270
0     58   0    0             @const2271
0     20   0    0             @const2272
0    158   0   13   619  8.3  __ReadObjectifs
0    598   1   13  2112  9.7  __ReadZones_Interdites
0    140   0    1   500  4.2  __Action_Writting
0    130   0    9   489  7.0  driver_Pompes
0     84   0    6   226  4.5  read_driver_pompes
0     36   0    0   255  3.2  Panneau_Domotique
0    700   1    6  4252  8.9  Ramassage
0   2092   2   10 11081  9.9  Empilage
0     34   0    0             @const2310
0    246   0    0             @PRINTFD16_115200_5893_5892
0    160   0    0   750  7.3  GoToZero_Cremaillere
0     42   0    4   262  4.0  reinitialisation
0    160   0    2   904  6.8  __GoToZero
0   1004   1    8  5115 11.8  __Check_action_end
0      4   0    0    29  1.2  __Init_UART
0    390   0    3  2129  9.0  RDA_isr
0    860   1   53  3337 11.6  __UART_Decode
0     50   0    0             @const2364
0    104   0    6   367  6.1  __SendBackUART
0    124   0   21   542  5.9  __CommDecode
0    108   0    9   257  4.1  checkPath
0    276   0   11   944  9.7  checkPtsRelai
0    178   0   15   605  7.3  findPath
0    130   0   17   176  3.7  getDist
0    440   0   19  1217 10.8  checkIntersection
0    136   0   14   696  4.9  getPos
0  16080  17   27 71359  9.0  findRel
0   2698   3    7 10794 13.5  MAIN
0     18   0    0             @const2429
0     40   0    0             @const2435
0     28   0    0             @const2436
0     40   0    0             @const2440
0     30   0    0             @const2441
0     18   0    0             @const2442
0    242   0    5   877  6.8  TIMER1_isr
0     84   0    8             @DIV3232A
0     38   0    0    72  2.4  TIMER3_isr
 Inline         9             @cinit1

Program metrics:
    Functions               76
    Statements              3963
    Comments                3695
    Volume (V)              239637
    Difficulty (D)          468.3
    Effort to implement (E) 112212165
    Time to implement (T)   1731 hours, 40 minutes
    Est Delivered Bugs (B)  78
    Cyclomatic Complexity   515
    Maintainability (MI)    14

 Segment     Used  Free
-----------  ----  ----
00000-00002     4  0  
00004-000FE   252  0  
00100-0FFFE  46506  18774  
10000-17FFE     0  32768  



